<?xml version="1.0" encoding="UTF-8" ?>
<testsuite tests="10" failures="0" name="Prueba1B2024B.ReservaDAOTest" time="3.915" errors="0" skipped="0">
  <properties>
[...]
</properties>
  <testcase classname="Prueba1B2024B.ReservaDAOTest" name="given_NonExistentReserva_when_Delete_then_ExceptionIsThrown" time="0.516"/>
  <testcase classname="Prueba1B2024B.ReservaDAOTest" name="given_Reserva_when_Delete_then_ReservaIsDeletedSuccessfully" time="0.427"/>
  <testcase classname="Prueba1B2024B.ReservaDAOTest" name="given_Viaje_when_CheckIfNotEmpty_then_ReturnsFalseIfHasReservations" time="0.439"/>
  <testcase classname="Prueba1B2024B.ReservaDAOTest" name="given_Reservas_when_ReadAll_then_AllReservasAreReturned" time="0.504"/>
  <testcase classname="Prueba1B2024B.ReservaDAOTest" name="given_Reserva_when_Create_then_ReservaIsCreatedSuccessfully" time="0.333"/>
  <testcase classname="Prueba1B2024B.ReservaDAOTest" name="given_ExistingId_when_GetById_then_ReservaIsReturned" time="0.385"/>
  <testcase classname="Prueba1B2024B.ReservaDAOTest" name="given_Viaje_when_CheckIfEmpty_then_ReturnsTrueIfNoReservations" time="0.391"/>
  <testcase classname="Prueba1B2024B.ReservaDAOTest" name="given_ReadError_when_ReadAll_then_ExceptionIsThrown" time="0.366"/>
  <testcase classname="Prueba1B2024B.ReservaDAOTest" name="given_Viaje_when_ListPassengers_then_ReturnsCorrectPassengers" time="0.268"/>
  <testcase classname="Prueba1B2024B.ReservaDAOTest" name="given_Viaje_when_ListPassengersOnEmptyViaje_then_ReturnsEmptyList" time="0.286"/>
</testsuite>