<?xml version="1.0" encoding="UTF-8" ?>
<testsuite tests="3" failures="0" name="Prueba1B2024B.ViajeDAOAdditionalTest" time="1.74" errors="0" skipped="0">
  <properties>
[...]
</properties>
  <testcase classname="Prueba1B2024B.ViajeDAOAdditionalTest" name="given_IdsArray_when_ConvertIdsToIntegers_then_ReturnsCorrectArray" time="0.228"/>
  <testcase classname="Prueba1B2024B.ViajeDAOAdditionalTest" name="given_IdString_when_ConvertToList_then_ReturnsCorrectIdList" time="0.292"/>
  <testcase classname="Prueba1B2024B.ViajeDAOAdditionalTest" name="given_ConductorId_when_ListViajesByConductor_then_ReturnsCorrectList" time="1.22"/>
</testsuite>